CRITICAL - 2023-09-28 13:53:42 --> Invalid file: "include/header.php"
in SYSTEMPATH\Exceptions\FrameworkException.php on line 39.
 1 SYSTEMPATH\View\View.php(214): CodeIgniter\Exceptions\FrameworkException::forInvalidFile('include/header.php')
 2 SYSTEMPATH\View\View.php(467): CodeIgniter\View\View->render('include/header', null, true)
 3 APPPATH\Views\Ark\index.php(1): CodeIgniter\View\View->include('include/header')
 4 SYSTEMPATH\View\View.php(226): include('C:\\laragon\\www\\Lab3\\app\\Views\\Ark\\index.php')
 5 SYSTEMPATH\View\View.php(229): CodeIgniter\View\View->CodeIgniter\View\{closure}()
 6 SYSTEMPATH\Common.php(1188): CodeIgniter\View\View->render('Ark/index', [], true)
 7 APPPATH\Controllers\Home.php(9): view('Ark/index')
 8 SYSTEMPATH\CodeIgniter.php(919): App\Controllers\Home->index()
 9 SYSTEMPATH\CodeIgniter.php(494): CodeIgniter\CodeIgniter->runController(Object(App\Controllers\Home))
10 SYSTEMPATH\CodeIgniter.php(353): CodeIgniter\CodeIgniter->handleRequest(null, Object(Config\Cache), false)
11 FCPATH\index.php(79): CodeIgniter\CodeIgniter->run()
12 SYSTEMPATH\Commands\Server\rewrite.php(47): require_once('C:\\laragon\\www\\Lab3\\public\\index.php')
CRITICAL - 2023-09-28 14:35:46 --> syntax error, unexpected token ">"
in APPPATH\Views\Ark\index.php on line 2.
 1 SYSTEMPATH\View\View.php(229): CodeIgniter\View\View->CodeIgniter\View\{closure}()
 2 SYSTEMPATH\Common.php(1188): CodeIgniter\View\View->render('Ark/index', [], true)
 3 APPPATH\Controllers\Home.php(9): view('Ark/index')
 4 SYSTEMPATH\CodeIgniter.php(919): App\Controllers\Home->index()
 5 SYSTEMPATH\CodeIgniter.php(494): CodeIgniter\CodeIgniter->runController(Object(App\Controllers\Home))
 6 SYSTEMPATH\CodeIgniter.php(353): CodeIgniter\CodeIgniter->handleRequest(null, Object(Config\Cache), false)
 7 FCPATH\index.php(79): CodeIgniter\CodeIgniter->run()
 8 SYSTEMPATH\Commands\Server\rewrite.php(47): require_once('C:\\laragon\\www\\Lab3\\public\\index.php')
CRITICAL - 2023-09-28 15:13:43 --> syntax error, unexpected token ">"
in APPPATH\Views\Ark\index.php on line 2.
 1 SYSTEMPATH\View\View.php(229): CodeIgniter\View\View->CodeIgniter\View\{closure}()
 2 SYSTEMPATH\Common.php(1188): CodeIgniter\View\View->render('Ark/index', [], true)
 3 APPPATH\Controllers\Home.php(9): view('Ark/index')
 4 SYSTEMPATH\CodeIgniter.php(919): App\Controllers\Home->index()
 5 SYSTEMPATH\CodeIgniter.php(494): CodeIgniter\CodeIgniter->runController(Object(App\Controllers\Home))
 6 SYSTEMPATH\CodeIgniter.php(353): CodeIgniter\CodeIgniter->handleRequest(null, Object(Config\Cache), false)
 7 FCPATH\index.php(79): CodeIgniter\CodeIgniter->run()
 8 SYSTEMPATH\Commands\Server\rewrite.php(47): require_once('C:\\laragon\\www\\Lab3\\public\\index.php')
CRITICAL - 2023-09-28 15:19:55 --> Invalid file: "body.php"
in SYSTEMPATH\Exceptions\FrameworkException.php on line 39.
 1 SYSTEMPATH\View\View.php(214): CodeIgniter\Exceptions\FrameworkException::forInvalidFile('body.php')
 2 SYSTEMPATH\View\View.php(467): CodeIgniter\View\View->render('body', null, true)
 3 APPPATH\Views\Ark\index.php(6): CodeIgniter\View\View->include('body')
 4 SYSTEMPATH\View\View.php(226): include('C:\\laragon\\www\\Lab3\\app\\Views\\Ark\\index.php')
 5 SYSTEMPATH\View\View.php(229): CodeIgniter\View\View->CodeIgniter\View\{closure}()
 6 SYSTEMPATH\Common.php(1188): CodeIgniter\View\View->render('Ark/index', [], true)
 7 APPPATH\Controllers\Home.php(9): view('Ark/index')
 8 SYSTEMPATH\CodeIgniter.php(919): App\Controllers\Home->index()
 9 SYSTEMPATH\CodeIgniter.php(494): CodeIgniter\CodeIgniter->runController(Object(App\Controllers\Home))
10 SYSTEMPATH\CodeIgniter.php(353): CodeIgniter\CodeIgniter->handleRequest(null, Object(Config\Cache), false)
11 FCPATH\index.php(79): CodeIgniter\CodeIgniter->run()
12 SYSTEMPATH\Commands\Server\rewrite.php(47): require_once('C:\\laragon\\www\\Lab3\\public\\index.php')
CRITICAL - 2023-09-28 16:00:25 --> syntax error, unexpected double-quoted string " class=", expecting "," or ";"
in APPPATH\Views\include\body.php on line 39.
 1 SYSTEMPATH\View\View.php(229): CodeIgniter\View\View->CodeIgniter\View\{closure}()
 2 SYSTEMPATH\View\View.php(467): CodeIgniter\View\View->render('include/body', null, true)
 3 APPPATH\Views\Ark\index.php(6): CodeIgniter\View\View->include('include/body')
 4 SYSTEMPATH\View\View.php(226): include('C:\\laragon\\www\\Lab3\\app\\Views\\Ark\\index.php')
 5 SYSTEMPATH\View\View.php(229): CodeIgniter\View\View->CodeIgniter\View\{closure}()
 6 SYSTEMPATH\Common.php(1188): CodeIgniter\View\View->render('Ark/index', [], true)
 7 APPPATH\Controllers\Home.php(9): view('Ark/index')
 8 SYSTEMPATH\CodeIgniter.php(919): App\Controllers\Home->index()
 9 SYSTEMPATH\CodeIgniter.php(494): CodeIgniter\CodeIgniter->runController(Object(App\Controllers\Home))
10 SYSTEMPATH\CodeIgniter.php(353): CodeIgniter\CodeIgniter->handleRequest(null, Object(Config\Cache), false)
11 FCPATH\index.php(79): CodeIgniter\CodeIgniter->run()
12 SYSTEMPATH\Commands\Server\rewrite.php(47): require_once('C:\\laragon\\www\\Lab3\\public\\index.php')
